<?xml version="1.0" encoding="UTF-8"?>
<coverage generated="1747616606478" clover="3.2.0">
  <project timestamp="1747616606479" name="All files">
    <metrics statements="76" coveredstatements="58" conditionals="23" coveredconditionals="6" methods="6" coveredmethods="6" elements="105" coveredelements="70" complexity="0" loc="76" ncloc="76" packages="1" files="1" classes="1"/>
    <file name="test-utils.ts" path="C:\Users\Javier\Documents\GitHub\sunlit-garden-api-clean\test\test-utils.ts">
      <metrics statements="76" coveredstatements="58" conditionals="23" coveredconditionals="6" methods="6" coveredmethods="6"/>
      <line num="1" count="3" type="stmt"/>
      <line num="2" count="3" type="stmt"/>
      <line num="3" count="3" type="stmt"/>
      <line num="4" count="3" type="stmt"/>
      <line num="5" count="3" type="stmt"/>
      <line num="6" count="3" type="stmt"/>
      <line num="7" count="3" type="stmt"/>
      <line num="8" count="3" type="stmt"/>
      <line num="9" count="3" type="stmt"/>
      <line num="10" count="3" type="stmt"/>
      <line num="11" count="3" type="stmt"/>
      <line num="12" count="3" type="stmt"/>
      <line num="13" count="3" type="stmt"/>
      <line num="14" count="3" type="stmt"/>
      <line num="15" count="3" type="stmt"/>
      <line num="16" count="3" type="stmt"/>
      <line num="18" count="3" type="stmt"/>
      <line num="19" count="3" type="stmt"/>
      <line num="29" count="3" type="stmt"/>
      <line num="30" count="3" type="stmt"/>
      <line num="32" count="3" type="stmt"/>
      <line num="34" count="3" type="stmt"/>
      <line num="35" count="3" type="stmt"/>
      <line num="37" count="3" type="cond" truecount="0" falsecount="1"/>
      <line num="38" count="0" type="stmt"/>
      <line num="41" count="3" type="cond" truecount="0" falsecount="1"/>
      <line num="42" count="0" type="stmt"/>
      <line num="45" count="3" type="stmt"/>
      <line num="46" count="3" type="cond" truecount="1" falsecount="1"/>
      <line num="48" count="3" type="stmt"/>
      <line num="59" count="3" type="stmt"/>
      <line num="74" count="13" type="stmt"/>
      <line num="75" count="13" type="stmt"/>
      <line num="76" count="13" type="stmt"/>
      <line num="78" count="0" type="stmt"/>
      <line num="83" count="13" type="stmt"/>
      <line num="103" count="3" type="stmt"/>
      <line num="106" count="3" type="stmt"/>
      <line num="114" count="3" type="stmt"/>
      <line num="117" count="3" type="stmt"/>
      <line num="118" count="3" type="stmt"/>
      <line num="119" count="3" type="stmt"/>
      <line num="121" count="0" type="stmt"/>
      <line num="123" count="0" type="stmt"/>
      <line num="128" count="0" type="stmt"/>
      <line num="131" count="3" type="stmt"/>
      <line num="133" count="0" type="stmt"/>
      <line num="135" count="0" type="stmt"/>
      <line num="139" count="0" type="stmt"/>
      <line num="142" count="0" type="stmt"/>
      <line num="146" count="3" type="stmt"/>
      <line num="147" count="3" type="stmt"/>
      <line num="148" count="3" type="stmt"/>
      <line num="149" count="3" type="cond" truecount="0" falsecount="1"/>
      <line num="150" count="0" type="stmt"/>
      <line num="152" count="3" type="cond" truecount="1" falsecount="0"/>
      <line num="153" count="3" type="stmt"/>
      <line num="155" count="3" type="cond" truecount="1" falsecount="0"/>
      <line num="156" count="3" type="stmt"/>
      <line num="159" count="0" type="stmt"/>
      <line num="165" count="3" type="stmt"/>
      <line num="166" count="19" type="stmt"/>
      <line num="169" count="3" type="stmt"/>
      <line num="173" count="1" type="stmt"/>
      <line num="175" count="1" type="stmt"/>
      <line num="180" count="1" type="cond" truecount="1" falsecount="2"/>
      <line num="181" count="0" type="stmt"/>
      <line num="182" count="0" type="stmt"/>
      <line num="188" count="1" type="stmt"/>
      <line num="193" count="1" type="stmt"/>
      <line num="195" count="1" type="cond" truecount="2" falsecount="1"/>
      <line num="196" count="0" type="stmt"/>
      <line num="197" count="0" type="stmt"/>
      <line num="202" count="1" type="stmt"/>
      <line num="204" count="0" type="stmt"/>
      <line num="205" count="0" type="stmt"/>
    </file>
  </project>
</coverage>
