{"C:\\Users\\Javier\\Documents\\GitHub\\sunlit-garden-api-clean\\test\\test-utils.ts": {"path":"C:\\Users\\Javier\\Documents\\GitHub\\sunlit-garden-api-clean\\test\\test-utils.ts","statementMap":{"0":{"start":{"line":29,"column":0},"end":{"line":29,"column":7}},"1":{"start":{"line":146,"column":0},"end":{"line":146,"column":7}},"2":{"start":{"line":165,"column":0},"end":{"line":165,"column":16}},"3":{"start":{"line":169,"column":0},"end":{"line":169,"column":7}},"4":{"start":{"line":1,"column":0},"end":{"line":1,"column":54}},"5":{"start":{"line":2,"column":0},"end":{"line":2,"column":66}},"6":{"start":{"line":3,"column":0},"end":{"line":3,"column":32}},"7":{"start":{"line":4,"column":0},"end":{"line":4,"column":48}},"8":{"start":{"line":5,"column":0},"end":{"line":5,"column":50}},"9":{"start":{"line":6,"column":0},"end":{"line":6,"column":66}},"10":{"start":{"line":7,"column":0},"end":{"line":7,"column":52}},"11":{"start":{"line":8,"column":0},"end":{"line":8,"column":28}},"12":{"start":{"line":9,"column":0},"end":{"line":9,"column":46}},"13":{"start":{"line":10,"column":0},"end":{"line":10,"column":56}},"14":{"start":{"line":11,"column":0},"end":{"line":11,"column":53}},"15":{"start":{"line":12,"column":0},"end":{"line":12,"column":56}},"16":{"start":{"line":13,"column":0},"end":{"line":13,"column":50}},"17":{"start":{"line":14,"column":0},"end":{"line":14,"column":39}},"18":{"start":{"line":15,"column":0},"end":{"line":15,"column":37}},"19":{"start":{"line":16,"column":0},"end":{"line":16,"column":77}},"20":{"start":{"line":18,"column":0},"end":{"line":18,"column":65}},"21":{"start":{"line":19,"column":0},"end":{"line":19,"column":41}},"22":{"start":{"line":30,"column":2},"end":{"line":143,"column":3}},"23":{"start":{"line":32,"column":4},"end":{"line":32,"column":32}},"24":{"start":{"line":34,"column":21},"end":{"line":34,"column":44}},"25":{"start":{"line":35,"column":22},"end":{"line":35,"column":44}},"26":{"start":{"line":37,"column":4},"end":{"line":39,"column":5}},"27":{"start":{"line":38,"column":6},"end":{"line":38,"column":73}},"28":{"start":{"line":41,"column":4},"end":{"line":43,"column":5}},"29":{"start":{"line":42,"column":6},"end":{"line":42,"column":72}},"30":{"start":{"line":45,"column":4},"end":{"line":45,"column":42}},"31":{"start":{"line":46,"column":4},"end":{"line":46,"column":68}},"32":{"start":{"line":48,"column":41},"end":{"line":101,"column":16}},"33":{"start":{"line":60,"column":19},"end":{"line":64,"column":14}},"34":{"start":{"line":74,"column":12},"end":{"line":82,"column":13}},"35":{"start":{"line":75,"column":14},"end":{"line":75,"column":36}},"36":{"start":{"line":76,"column":14},"end":{"line":76,"column":63}},"37":{"start":{"line":78,"column":14},"end":{"line":81,"column":16}},"38":{"start":{"line":83,"column":12},"end":{"line":83,"column":27}},"39":{"start":{"line":103,"column":4},"end":{"line":103,"column":48}},"40":{"start":{"line":106,"column":4},"end":{"line":111,"column":6}},"41":{"start":{"line":114,"column":4},"end":{"line":114,"column":35}},"42":{"start":{"line":117,"column":4},"end":{"line":129,"column":5}},"43":{"start":{"line":118,"column":6},"end":{"line":118,"column":23}},"44":{"start":{"line":119,"column":6},"end":{"line":119,"column":63}},"45":{"start":{"line":121,"column":6},"end":{"line":121,"column":67}},"46":{"start":{"line":123,"column":6},"end":{"line":127,"column":8}},"47":{"start":{"line":128,"column":6},"end":{"line":128,"column":22}},"48":{"start":{"line":131,"column":4},"end":{"line":131,"column":15}},"49":{"start":{"line":133,"column":4},"end":{"line":133,"column":62}},"50":{"start":{"line":135,"column":4},"end":{"line":138,"column":7}},"51":{"start":{"line":139,"column":4},"end":{"line":141,"column":6}},"52":{"start":{"line":142,"column":4},"end":{"line":142,"column":16}},"53":{"start":{"line":147,"column":2},"end":{"line":160,"column":3}},"54":{"start":{"line":148,"column":15},"end":{"line":148,"column":38}},"55":{"start":{"line":149,"column":4},"end":{"line":151,"column":5}},"56":{"start":{"line":150,"column":6},"end":{"line":150,"column":30}},"57":{"start":{"line":152,"column":4},"end":{"line":154,"column":5}},"58":{"start":{"line":153,"column":6},"end":{"line":153,"column":34}},"59":{"start":{"line":155,"column":4},"end":{"line":157,"column":5}},"60":{"start":{"line":156,"column":6},"end":{"line":156,"column":24}},"61":{"start":{"line":159,"column":4},"end":{"line":159,"column":52}},"62":{"start":{"line":166,"column":2},"end":{"line":166,"column":31}},"63":{"start":{"line":173,"column":2},"end":{"line":206,"column":3}},"64":{"start":{"line":175,"column":29},"end":{"line":177,"column":22}},"65":{"start":{"line":180,"column":4},"end":{"line":185,"column":5}},"66":{"start":{"line":181,"column":6},"end":{"line":181,"column":67}},"67":{"start":{"line":182,"column":6},"end":{"line":184,"column":8}},"68":{"start":{"line":188,"column":26},"end":{"line":190,"column":22}},"69":{"start":{"line":193,"column":25},"end":{"line":193,"column":64}},"70":{"start":{"line":195,"column":4},"end":{"line":200,"column":5}},"71":{"start":{"line":196,"column":6},"end":{"line":196,"column":57}},"72":{"start":{"line":197,"column":6},"end":{"line":199,"column":8}},"73":{"start":{"line":202,"column":4},"end":{"line":202,"column":37}},"74":{"start":{"line":204,"column":4},"end":{"line":204,"column":49}},"75":{"start":{"line":205,"column":4},"end":{"line":205,"column":16}}},"fnMap":{"0":{"name":"createTestingApp","decl":{"start":{"line":29,"column":22},"end":{"line":29,"column":38}},"loc":{"start":{"line":29,"column":38},"end":{"line":144,"column":1}}},"1":{"name":"(anonymous_1)","decl":{"start":{"line":60,"column":12},"end":{"line":60,"column":15}},"loc":{"start":{"line":60,"column":19},"end":{"line":64,"column":14}}},"2":{"name":"(anonymous_2)","decl":{"start":{"line":72,"column":19},"end":{"line":72,"column":20}},"loc":{"start":{"line":72,"column":49},"end":{"line":84,"column":11}}},"3":{"name":"closeTestingApp","decl":{"start":{"line":146,"column":22},"end":{"line":146,"column":37}},"loc":{"start":{"line":146,"column":37},"end":{"line":161,"column":1}}},"4":{"name":"request","decl":{"start":{"line":165,"column":16},"end":{"line":165,"column":23}},"loc":{"start":{"line":165,"column":36},"end":{"line":167,"column":1}}},"5":{"name":"loginUserAndGetToken","decl":{"start":{"line":169,"column":22},"end":{"line":169,"column":42}},"loc":{"start":{"line":171,"column":28},"end":{"line":207,"column":1}}}},"branchMap":{"0":{"loc":{"start":{"line":37,"column":4},"end":{"line":39,"column":5}},"type":"if","locations":[{"start":{"line":37,"column":4},"end":{"line":39,"column":5}}]},"1":{"loc":{"start":{"line":41,"column":4},"end":{"line":43,"column":5}},"type":"if","locations":[{"start":{"line":41,"column":4},"end":{"line":43,"column":5}}]},"2":{"loc":{"start":{"line":46,"column":31},"end":{"line":46,"column":66}},"type":"cond-expr","locations":[{"start":{"line":46,"column":43},"end":{"line":46,"column":51}},{"start":{"line":46,"column":54},"end":{"line":46,"column":66}}]},"3":{"loc":{"start":{"line":80,"column":16},"end":{"line":80,"column":72}},"type":"cond-expr","locations":[{"start":{"line":80,"column":41},"end":{"line":80,"column":54}},{"start":{"line":80,"column":57},"end":{"line":80,"column":72}}]},"4":{"loc":{"start":{"line":124,"column":8},"end":{"line":126,"column":38}},"type":"cond-expr","locations":[{"start":{"line":125,"column":12},"end":{"line":125,"column":27}},{"start":{"line":126,"column":12},"end":{"line":126,"column":38}}]},"5":{"loc":{"start":{"line":136,"column":19},"end":{"line":136,"column":68}},"type":"cond-expr","locations":[{"start":{"line":136,"column":45},"end":{"line":136,"column":54}},{"start":{"line":136,"column":57},"end":{"line":136,"column":68}}]},"6":{"loc":{"start":{"line":137,"column":18},"end":{"line":137,"column":65}},"type":"cond-expr","locations":[{"start":{"line":137,"column":43},"end":{"line":137,"column":51}},{"start":{"line":137,"column":54},"end":{"line":137,"column":65}}]},"7":{"loc":{"start":{"line":140,"column":6},"end":{"line":140,"column":71}},"type":"cond-expr","locations":[{"start":{"line":140,"column":31},"end":{"line":140,"column":42}},{"start":{"line":140,"column":45},"end":{"line":140,"column":71}}]},"8":{"loc":{"start":{"line":149,"column":4},"end":{"line":151,"column":5}},"type":"if","locations":[{"start":{"line":149,"column":4},"end":{"line":151,"column":5}}]},"9":{"loc":{"start":{"line":152,"column":4},"end":{"line":154,"column":5}},"type":"if","locations":[{"start":{"line":152,"column":4},"end":{"line":154,"column":5}}]},"10":{"loc":{"start":{"line":155,"column":4},"end":{"line":157,"column":5}},"type":"if","locations":[{"start":{"line":155,"column":4},"end":{"line":157,"column":5}}]},"11":{"loc":{"start":{"line":180,"column":4},"end":{"line":185,"column":5}},"type":"if","locations":[{"start":{"line":180,"column":4},"end":{"line":185,"column":5}}]},"12":{"loc":{"start":{"line":180,"column":8},"end":{"line":180,"column":74}},"type":"binary-expr","locations":[{"start":{"line":180,"column":8},"end":{"line":180,"column":39}},{"start":{"line":180,"column":43},"end":{"line":180,"column":74}}]},"13":{"loc":{"start":{"line":195,"column":4},"end":{"line":200,"column":5}},"type":"if","locations":[{"start":{"line":195,"column":4},"end":{"line":200,"column":5}}]},"14":{"loc":{"start":{"line":195,"column":8},"end":{"line":195,"column":66}},"type":"binary-expr","locations":[{"start":{"line":195,"column":8},"end":{"line":195,"column":36}},{"start":{"line":195,"column":40},"end":{"line":195,"column":66}}]}},"s":{"0":3,"1":3,"2":3,"3":3,"4":3,"5":3,"6":3,"7":3,"8":3,"9":3,"10":3,"11":3,"12":3,"13":3,"14":3,"15":3,"16":3,"17":3,"18":3,"19":3,"20":3,"21":3,"22":3,"23":3,"24":3,"25":3,"26":3,"27":0,"28":3,"29":0,"30":3,"31":3,"32":3,"33":3,"34":13,"35":13,"36":13,"37":0,"38":13,"39":3,"40":3,"41":3,"42":3,"43":3,"44":3,"45":0,"46":0,"47":0,"48":3,"49":0,"50":0,"51":0,"52":0,"53":3,"54":3,"55":3,"56":0,"57":3,"58":3,"59":3,"60":3,"61":0,"62":28,"63":1,"64":1,"65":1,"66":0,"67":0,"68":1,"69":1,"70":1,"71":0,"72":0,"73":1,"74":0,"75":0},"f":{"0":3,"1":3,"2":13,"3":3,"4":28,"5":1},"b":{"0":[0],"1":[0],"2":[3,0],"3":[0,0],"4":[0,0],"5":[0,0],"6":[0,0],"7":[0,0],"8":[0],"9":[3],"10":[3],"11":[0],"12":[1,0],"13":[0],"14":[1,1]}}
}
