TN:
SF:test\test-utils.ts
FN:29,createTestingApp
FN:58,(anonymous_1)
FN:72,(anonymous_2)
FN:146,closeTestingApp
FN:165,request
FN:169,loginUserAndGetToken
FNF:6
FNH:6
FNDA:3,createTestingApp
FNDA:3,(anonymous_1)
FNDA:4,(anonymous_2)
FNDA:3,closeTestingApp
FNDA:15,request
FNDA:1,loginUserAndGetToken
DA:1,3
DA:2,3
DA:3,3
DA:4,3
DA:5,3
DA:6,3
DA:7,3
DA:8,3
DA:9,3
DA:10,3
DA:11,3
DA:12,3
DA:13,3
DA:14,3
DA:15,3
DA:16,3
DA:18,3
DA:19,3
DA:29,3
DA:30,3
DA:32,3
DA:34,3
DA:35,3
DA:37,3
DA:38,0
DA:41,3
DA:42,0
DA:45,3
DA:46,3
DA:48,3
DA:59,3
DA:74,4
DA:75,4
DA:76,4
DA:78,0
DA:83,4
DA:103,3
DA:106,3
DA:114,3
DA:117,3
DA:118,3
DA:119,3
DA:121,0
DA:123,0
DA:128,0
DA:131,3
DA:133,0
DA:135,0
DA:139,0
DA:142,0
DA:146,3
DA:147,3
DA:148,3
DA:149,3
DA:150,0
DA:152,3
DA:153,3
DA:155,3
DA:156,3
DA:159,0
DA:165,3
DA:166,15
DA:169,3
DA:173,1
DA:175,1
DA:180,1
DA:181,1
DA:182,1
DA:188,0
DA:193,0
DA:195,0
DA:196,0
DA:197,0
DA:202,0
DA:204,1
DA:205,1
LF:76
LH:58
BRDA:37,0,0,0
BRDA:41,1,0,0
BRDA:46,2,0,3
BRDA:46,2,1,0
BRDA:80,3,0,0
BRDA:80,3,1,0
BRDA:124,4,0,0
BRDA:124,4,1,0
BRDA:136,5,0,0
BRDA:136,5,1,0
BRDA:137,6,0,0
BRDA:137,6,1,0
BRDA:140,7,0,0
BRDA:140,7,1,0
BRDA:149,8,0,0
BRDA:152,9,0,3
BRDA:155,10,0,3
BRDA:180,11,0,1
BRDA:180,12,0,1
BRDA:180,12,1,1
BRDA:195,13,0,0
BRDA:195,14,0,0
BRDA:195,14,1,0
BRF:23
BRH:6
end_of_record
